The system is: MINGW64_NT-6.1 - 2.8.2(0.313/5/3) - unknown
Compiling the C compiler identification source file "CMakeCCompilerId.c" succeeded.
Compiler: /mingw64/bin/cc.exe 
Build flags: 
Id flags: 

The output was:
0


Compilation of the C compiler identification source "CMakeCCompilerId.c" produced "a.exe"

The C compiler identification is GNU, found in "/home/echo/Huffman/CMakeFiles/3.6.2/CompilerIdC/a.exe"

Compiling the CXX compiler identification source file "CMakeCXXCompilerId.cpp" succeeded.
Compiler: /mingw64/bin/CC.exe 
Build flags: 
Id flags: 

The output was:
0


Compilation of the CXX compiler identification source "CMakeCXXCompilerId.cpp" produced "a.exe"

The CXX compiler identification is GNU, found in "/home/echo/Huffman/CMakeFiles/3.6.2/CompilerIdCXX/a.exe"

Determining if the C compiler works passed with the following output:
Change Dir: /home/echo/Huffman/CMakeFiles/CMakeTmp

Run Build Command:"/usr/bin/make.exe" "cmTC_6bece/fast"
/usr/bin/make -f CMakeFiles/cmTC_6bece.dir/build.make CMakeFiles/cmTC_6bece.dir/build
make[1]: 进入目录“/home/echo/Huffman/CMakeFiles/CMakeTmp”
Building C object CMakeFiles/cmTC_6bece.dir/testCCompiler.c.obj
/mingw64/bin/cc.exe     -o CMakeFiles/cmTC_6bece.dir/testCCompiler.c.obj   -c /home/echo/Huffman/CMakeFiles/CMakeTmp/testCCompiler.c
Linking C executable cmTC_6bece
/usr/bin/cmake.exe -E cmake_link_script CMakeFiles/cmTC_6bece.dir/link.txt --verbose=1
/mingw64/bin/cc.exe       CMakeFiles/cmTC_6bece.dir/testCCompiler.c.obj  -o cmTC_6bece  
make[1]: 离开目录“/home/echo/Huffman/CMakeFiles/CMakeTmp”


Detecting C compiler ABI info compiled with the following output:
Change Dir: /home/echo/Huffman/CMakeFiles/CMakeTmp

Run Build Command:"/usr/bin/make.exe" "cmTC_2159d/fast"
/usr/bin/make -f CMakeFiles/cmTC_2159d.dir/build.make CMakeFiles/cmTC_2159d.dir/build
make[1]: 进入目录“/home/echo/Huffman/CMakeFiles/CMakeTmp”
Building C object CMakeFiles/cmTC_2159d.dir/CMakeCCompilerABI.c.obj
/mingw64/bin/cc.exe     -o CMakeFiles/cmTC_2159d.dir/CMakeCCompilerABI.c.obj   -c /usr/share/cmake-3.6.2/Modules/CMakeCCompilerABI.c
Linking C executable cmTC_2159d
/usr/bin/cmake.exe -E cmake_link_script CMakeFiles/cmTC_2159d.dir/link.txt --verbose=1
/mingw64/bin/cc.exe      -v CMakeFiles/cmTC_2159d.dir/CMakeCCompilerABI.c.obj  -o cmTC_2159d   
Using built-in specs.
COLLECT_GCC=D:\msys64\mingw64\bin\cc.exe
COLLECT_LTO_WRAPPER=D:/msys64/mingw64/bin/../lib/gcc/x86_64-w64-mingw32/7.1.0/lto-wrapper.exe
Target: x86_64-w64-mingw32
Configured with: ../gcc-7.1.0/configure --prefix=/mingw64 --with-local-prefix=/mingw64/local --build=x86_64-w64-mingw32 --host=x86_64-w64-mingw32 --target=x86_64-w64-mingw32 --with-native-system-header-dir=/mingw64/x86_64-w64-mingw32/include --libexecdir=/mingw64/lib --enable-bootstrap --with-arch=x86-64 --with-tune=generic --enable-languages=c,lto,c++,objc,obj-c++,fortran,ada --enable-shared --enable-static --enable-libatomic --enable-threads=posix --enable-graphite --enable-fully-dynamic-string --enable-libstdcxx-time=yes --disable-libstdcxx-pch --disable-libstdcxx-debug --disable-isl-version-check --enable-lto --enable-libgomp --disable-multilib --enable-checking=release --disable-rpath --disable-win32-registry --disable-nls --disable-werror --disable-symvers --with-libiconv --with-system-zlib --with-gmp=/mingw64 --with-mpfr=/mingw64 --with-mpc=/mingw64 --with-isl=/mingw64 --with-pkgversion='Rev2, Built by MSYS2 project' --with-bugurl=https://sourceforge.net/projects/msys2 --with-gnu-as --with-gnu-ld
Thread model: posix
gcc version 7.1.0 (Rev2, Built by MSYS2 project) 
COMPILER_PATH=D:/msys64/mingw64/bin/../lib/gcc/x86_64-w64-mingw32/7.1.0/;D:/msys64/mingw64/bin/../lib/gcc/;D:/msys64/mingw64/bin/../lib/gcc/x86_64-w64-mingw32/7.1.0/../../../../x86_64-w64-mingw32/bin/
LIBRARY_PATH=D:/msys64/mingw64/bin/../lib/gcc/x86_64-w64-mingw32/7.1.0/;D:/msys64/mingw64/bin/../lib/gcc/;D:/msys64/mingw64/bin/../lib/gcc/x86_64-w64-mingw32/7.1.0/../../../../x86_64-w64-mingw32/lib/../lib/;D:/msys64/mingw64/bin/../lib/gcc/x86_64-w64-mingw32/7.1.0/../../../../lib/;D:/msys64/mingw64/bin/../lib/gcc/x86_64-w64-mingw32/7.1.0/../../../../x86_64-w64-mingw32/lib/;D:/msys64/mingw64/bin/../lib/gcc/x86_64-w64-mingw32/7.1.0/../../../
COLLECT_GCC_OPTIONS='-v' '-o' 'cmTC_2159d.exe' '-mtune=generic' '-march=x86-64'
 D:/msys64/mingw64/bin/../lib/gcc/x86_64-w64-mingw32/7.1.0/collect2.exe -plugin D:/msys64/mingw64/bin/../lib/gcc/x86_64-w64-mingw32/7.1.0/liblto_plugin-0.dll -plugin-opt=D:/msys64/mingw64/bin/../lib/gcc/x86_64-w64-mingw32/7.1.0/lto-wrapper.exe -plugin-opt=-fresolution=D:\msys64\tmp\cc8mWGJS.res -plugin-opt=-pass-through=-lmingw32 -plugin-opt=-pass-through=-lgcc -plugin-opt=-pass-through=-lgcc_eh -plugin-opt=-pass-through=-lmoldname -plugin-opt=-pass-through=-lmingwex -plugin-opt=-pass-through=-lmsvcrt -plugin-opt=-pass-through=-lpthread -plugin-opt=-pass-through=-ladvapi32 -plugin-opt=-pass-through=-lshell32 -plugin-opt=-pass-through=-luser32 -plugin-opt=-pass-through=-lkernel32 -plugin-opt=-pass-through=-lmingw32 -plugin-opt=-pass-through=-lgcc -plugin-opt=-pass-through=-lgcc_eh -plugin-opt=-pass-through=-lmoldname -plugin-opt=-pass-through=-lmingwex -plugin-opt=-pass-through=-lmsvcrt -m i386pep -Bdynamic -o cmTC_2159d.exe D:/msys64/mingw64/bin/../lib/gcc/x86_64-w64-mingw32/7.1.0/../../../../x86_64-w64-mingw32/lib/../lib/crt2.o D:/msys64/mingw64/bin/../lib/gcc/x86_64-w64-mingw32/7.1.0/crtbegin.o -LD:/msys64/mingw64/bin/../lib/gcc/x86_64-w64-mingw32/7.1.0 -LD:/msys64/mingw64/bin/../lib/gcc -LD:/msys64/mingw64/bin/../lib/gcc/x86_64-w64-mingw32/7.1.0/../../../../x86_64-w64-mingw32/lib/../lib -LD:/msys64/mingw64/bin/../lib/gcc/x86_64-w64-mingw32/7.1.0/../../../../lib -LD:/msys64/mingw64/bin/../lib/gcc/x86_64-w64-mingw32/7.1.0/../../../../x86_64-w64-mingw32/lib -LD:/msys64/mingw64/bin/../lib/gcc/x86_64-w64-mingw32/7.1.0/../../.. CMakeFiles/cmTC_2159d.dir/CMakeCCompilerABI.c.obj -lmingw32 -lgcc -lgcc_eh -lmoldname -lmingwex -lmsvcrt -lpthread -ladvapi32 -lshell32 -luser32 -lkernel32 -lmingw32 -lgcc -lgcc_eh -lmoldname -lmingwex -lmsvcrt D:/msys64/mingw64/bin/../lib/gcc/x86_64-w64-mingw32/7.1.0/../../../../x86_64-w64-mingw32/lib/../lib/default-manifest.o D:/msys64/mingw64/bin/../lib/gcc/x86_64-w64-mingw32/7.1.0/crtend.o
COLLECT_GCC_OPTIONS='-v' '-o' 'cmTC_2159d.exe' '-mtune=generic' '-march=x86-64'
make[1]: 离开目录“/home/echo/Huffman/CMakeFiles/CMakeTmp”


Parsed C implicit link information from above output:
  link line regex: [^( *|.*[/\])(ld\.exe|([^/\]+-)?ld|collect2)[^/\]*( |$)]
  ignore line: [Change Dir: /home/echo/Huffman/CMakeFiles/CMakeTmp]
  ignore line: []
  ignore line: [Run Build Command:"/usr/bin/make.exe" "cmTC_2159d/fast"]
  ignore line: [/usr/bin/make -f CMakeFiles/cmTC_2159d.dir/build.make CMakeFiles/cmTC_2159d.dir/build]
  ignore line: [make[1]: 进入目录“/home/echo/Huffman/CMakeFiles/CMakeTmp”]
  ignore line: [Building C object CMakeFiles/cmTC_2159d.dir/CMakeCCompilerABI.c.obj]
  ignore line: [/mingw64/bin/cc.exe     -o CMakeFiles/cmTC_2159d.dir/CMakeCCompilerABI.c.obj   -c /usr/share/cmake-3.6.2/Modules/CMakeCCompilerABI.c]
  ignore line: [Linking C executable cmTC_2159d]
  ignore line: [/usr/bin/cmake.exe -E cmake_link_script CMakeFiles/cmTC_2159d.dir/link.txt --verbose=1]
  ignore line: [/mingw64/bin/cc.exe      -v CMakeFiles/cmTC_2159d.dir/CMakeCCompilerABI.c.obj  -o cmTC_2159d   ]
  ignore line: [Using built-in specs.]
  ignore line: [COLLECT_GCC=D:\msys64\mingw64\bin\cc.exe]
  ignore line: [COLLECT_LTO_WRAPPER=D:/msys64/mingw64/bin/../lib/gcc/x86_64-w64-mingw32/7.1.0/lto-wrapper.exe]
  ignore line: [Target: x86_64-w64-mingw32]
  ignore line: [Configured with: ../gcc-7.1.0/configure --prefix=/mingw64 --with-local-prefix=/mingw64/local --build=x86_64-w64-mingw32 --host=x86_64-w64-mingw32 --target=x86_64-w64-mingw32 --with-native-system-header-dir=/mingw64/x86_64-w64-mingw32/include --libexecdir=/mingw64/lib --enable-bootstrap --with-arch=x86-64 --with-tune=generic --enable-languages=c,lto,c++,objc,obj-c++,fortran,ada --enable-shared --enable-static --enable-libatomic --enable-threads=posix --enable-graphite --enable-fully-dynamic-string --enable-libstdcxx-time=yes --disable-libstdcxx-pch --disable-libstdcxx-debug --disable-isl-version-check --enable-lto --enable-libgomp --disable-multilib --enable-checking=release --disable-rpath --disable-win32-registry --disable-nls --disable-werror --disable-symvers --with-libiconv --with-system-zlib --with-gmp=/mingw64 --with-mpfr=/mingw64 --with-mpc=/mingw64 --with-isl=/mingw64 --with-pkgversion='Rev2, Built by MSYS2 project' --with-bugurl=https://sourceforge.net/projects/msys2 --with-gnu-as --with-gnu-ld]
  ignore line: [Thread model: posix]
  ignore line: [gcc version 7.1.0 (Rev2, Built by MSYS2 project) ]
  ignore line: [COMPILER_PATH=D:/msys64/mingw64/bin/../lib/gcc/x86_64-w64-mingw32/7.1.0/]
  ignore line: [D:/msys64/mingw64/bin/../lib/gcc/]
  ignore line: [D:/msys64/mingw64/bin/../lib/gcc/x86_64-w64-mingw32/7.1.0/../../../../x86_64-w64-mingw32/bin/]
  ignore line: [LIBRARY_PATH=D:/msys64/mingw64/bin/../lib/gcc/x86_64-w64-mingw32/7.1.0/]
  ignore line: [D:/msys64/mingw64/bin/../lib/gcc/]
  ignore line: [D:/msys64/mingw64/bin/../lib/gcc/x86_64-w64-mingw32/7.1.0/../../../../x86_64-w64-mingw32/lib/../lib/]
  ignore line: [D:/msys64/mingw64/bin/../lib/gcc/x86_64-w64-mingw32/7.1.0/../../../../lib/]
  ignore line: [D:/msys64/mingw64/bin/../lib/gcc/x86_64-w64-mingw32/7.1.0/../../../../x86_64-w64-mingw32/lib/]
  ignore line: [D:/msys64/mingw64/bin/../lib/gcc/x86_64-w64-mingw32/7.1.0/../../../]
  ignore line: [COLLECT_GCC_OPTIONS='-v' '-o' 'cmTC_2159d.exe' '-mtune=generic' '-march=x86-64']
  link line: [ D:/msys64/mingw64/bin/../lib/gcc/x86_64-w64-mingw32/7.1.0/collect2.exe -plugin D:/msys64/mingw64/bin/../lib/gcc/x86_64-w64-mingw32/7.1.0/liblto_plugin-0.dll -plugin-opt=D:/msys64/mingw64/bin/../lib/gcc/x86_64-w64-mingw32/7.1.0/lto-wrapper.exe -plugin-opt=-fresolution=D:\msys64\tmp\cc8mWGJS.res -plugin-opt=-pass-through=-lmingw32 -plugin-opt=-pass-through=-lgcc -plugin-opt=-pass-through=-lgcc_eh -plugin-opt=-pass-through=-lmoldname -plugin-opt=-pass-through=-lmingwex -plugin-opt=-pass-through=-lmsvcrt -plugin-opt=-pass-through=-lpthread -plugin-opt=-pass-through=-ladvapi32 -plugin-opt=-pass-through=-lshell32 -plugin-opt=-pass-through=-luser32 -plugin-opt=-pass-through=-lkernel32 -plugin-opt=-pass-through=-lmingw32 -plugin-opt=-pass-through=-lgcc -plugin-opt=-pass-through=-lgcc_eh -plugin-opt=-pass-through=-lmoldname -plugin-opt=-pass-through=-lmingwex -plugin-opt=-pass-through=-lmsvcrt -m i386pep -Bdynamic -o cmTC_2159d.exe D:/msys64/mingw64/bin/../lib/gcc/x86_64-w64-mingw32/7.1.0/../../../../x86_64-w64-mingw32/lib/../lib/crt2.o D:/msys64/mingw64/bin/../lib/gcc/x86_64-w64-mingw32/7.1.0/crtbegin.o -LD:/msys64/mingw64/bin/../lib/gcc/x86_64-w64-mingw32/7.1.0 -LD:/msys64/mingw64/bin/../lib/gcc -LD:/msys64/mingw64/bin/../lib/gcc/x86_64-w64-mingw32/7.1.0/../../../../x86_64-w64-mingw32/lib/../lib -LD:/msys64/mingw64/bin/../lib/gcc/x86_64-w64-mingw32/7.1.0/../../../../lib -LD:/msys64/mingw64/bin/../lib/gcc/x86_64-w64-mingw32/7.1.0/../../../../x86_64-w64-mingw32/lib -LD:/msys64/mingw64/bin/../lib/gcc/x86_64-w64-mingw32/7.1.0/../../.. CMakeFiles/cmTC_2159d.dir/CMakeCCompilerABI.c.obj -lmingw32 -lgcc -lgcc_eh -lmoldname -lmingwex -lmsvcrt -lpthread -ladvapi32 -lshell32 -luser32 -lkernel32 -lmingw32 -lgcc -lgcc_eh -lmoldname -lmingwex -lmsvcrt D:/msys64/mingw64/bin/../lib/gcc/x86_64-w64-mingw32/7.1.0/../../../../x86_64-w64-mingw32/lib/../lib/default-manifest.o D:/msys64/mingw64/bin/../lib/gcc/x86_64-w64-mingw32/7.1.0/crtend.o]
    arg [D:/msys64/mingw64/bin/../lib/gcc/x86_64-w64-mingw32/7.1.0/collect2.exe] ==> ignore
    arg [-plugin] ==> ignore
    arg [D:/msys64/mingw64/bin/../lib/gcc/x86_64-w64-mingw32/7.1.0/liblto_plugin-0.dll] ==> ignore
    arg [-plugin-opt=D:/msys64/mingw64/bin/../lib/gcc/x86_64-w64-mingw32/7.1.0/lto-wrapper.exe] ==> ignore
    arg [-plugin-opt=-fresolution=D:\msys64\tmp\cc8mWGJS.res] ==> ignore
    arg [-plugin-opt=-pass-through=-lmingw32] ==> ignore
    arg [-plugin-opt=-pass-through=-lgcc] ==> ignore
    arg [-plugin-opt=-pass-through=-lgcc_eh] ==> ignore
    arg [-plugin-opt=-pass-through=-lmoldname] ==> ignore
    arg [-plugin-opt=-pass-through=-lmingwex] ==> ignore
    arg [-plugin-opt=-pass-through=-lmsvcrt] ==> ignore
    arg [-plugin-opt=-pass-through=-lpthread] ==> ignore
    arg [-plugin-opt=-pass-through=-ladvapi32] ==> ignore
    arg [-plugin-opt=-pass-through=-lshell32] ==> ignore
    arg [-plugin-opt=-pass-through=-luser32] ==> ignore
    arg [-plugin-opt=-pass-through=-lkernel32] ==> ignore
    arg [-plugin-opt=-pass-through=-lmingw32] ==> ignore
    arg [-plugin-opt=-pass-through=-lgcc] ==> ignore
    arg [-plugin-opt=-pass-through=-lgcc_eh] ==> ignore
    arg [-plugin-opt=-pass-through=-lmoldname] ==> ignore
    arg [-plugin-opt=-pass-through=-lmingwex] ==> ignore
    arg [-plugin-opt=-pass-through=-lmsvcrt] ==> ignore
    arg [-m] ==> ignore
    arg [i386pep] ==> ignore
    arg [-Bdynamic] ==> ignore
    arg [-o] ==> ignore
    arg [cmTC_2159d.exe] ==> ignore
    arg [D:/msys64/mingw64/bin/../lib/gcc/x86_64-w64-mingw32/7.1.0/../../../../x86_64-w64-mingw32/lib/../lib/crt2.o] ==> ignore
    arg [D:/msys64/mingw64/bin/../lib/gcc/x86_64-w64-mingw32/7.1.0/crtbegin.o] ==> ignore
    arg [-LD:/msys64/mingw64/bin/../lib/gcc/x86_64-w64-mingw32/7.1.0] ==> dir [D:/msys64/mingw64/bin/../lib/gcc/x86_64-w64-mingw32/7.1.0]
    arg [-LD:/msys64/mingw64/bin/../lib/gcc] ==> dir [D:/msys64/mingw64/bin/../lib/gcc]
    arg [-LD:/msys64/mingw64/bin/../lib/gcc/x86_64-w64-mingw32/7.1.0/../../../../x86_64-w64-mingw32/lib/../lib] ==> dir [D:/msys64/mingw64/bin/../lib/gcc/x86_64-w64-mingw32/7.1.0/../../../../x86_64-w64-mingw32/lib/../lib]
    arg [-LD:/msys64/mingw64/bin/../lib/gcc/x86_64-w64-mingw32/7.1.0/../../../../lib] ==> dir [D:/msys64/mingw64/bin/../lib/gcc/x86_64-w64-mingw32/7.1.0/../../../../lib]
    arg [-LD:/msys64/mingw64/bin/../lib/gcc/x86_64-w64-mingw32/7.1.0/../../../../x86_64-w64-mingw32/lib] ==> dir [D:/msys64/mingw64/bin/../lib/gcc/x86_64-w64-mingw32/7.1.0/../../../../x86_64-w64-mingw32/lib]
    arg [-LD:/msys64/mingw64/bin/../lib/gcc/x86_64-w64-mingw32/7.1.0/../../..] ==> dir [D:/msys64/mingw64/bin/../lib/gcc/x86_64-w64-mingw32/7.1.0/../../..]
    arg [CMakeFiles/cmTC_2159d.dir/CMakeCCompilerABI.c.obj] ==> ignore
    arg [-lmingw32] ==> lib [mingw32]
    arg [-lgcc] ==> lib [gcc]
    arg [-lgcc_eh] ==> lib [gcc_eh]
    arg [-lmoldname] ==> lib [moldname]
    arg [-lmingwex] ==> lib [mingwex]
    arg [-lmsvcrt] ==> lib [msvcrt]
    arg [-lpthread] ==> lib [pthread]
    arg [-ladvapi32] ==> lib [advapi32]
    arg [-lshell32] ==> lib [shell32]
    arg [-luser32] ==> lib [user32]
    arg [-lkernel32] ==> lib [kernel32]
    arg [-lmingw32] ==> lib [mingw32]
    arg [-lgcc] ==> lib [gcc]
    arg [-lgcc_eh] ==> lib [gcc_eh]
    arg [-lmoldname] ==> lib [moldname]
    arg [-lmingwex] ==> lib [mingwex]
    arg [-lmsvcrt] ==> lib [msvcrt]
    arg [D:/msys64/mingw64/bin/../lib/gcc/x86_64-w64-mingw32/7.1.0/../../../../x86_64-w64-mingw32/lib/../lib/default-manifest.o] ==> ignore
    arg [D:/msys64/mingw64/bin/../lib/gcc/x86_64-w64-mingw32/7.1.0/crtend.o] ==> ignore
  remove lib [gcc]
  remove lib [gcc_eh]
  remove lib [gcc]
  remove lib [gcc_eh]
  collapse library dir [D:/msys64/mingw64/bin/../lib/gcc/x86_64-w64-mingw32/7.1.0] ==> [D:/msys64/mingw64/lib/gcc/x86_64-w64-mingw32/7.1.0]
  collapse library dir [D:/msys64/mingw64/bin/../lib/gcc] ==> [D:/msys64/mingw64/lib/gcc]
  collapse library dir [D:/msys64/mingw64/bin/../lib/gcc/x86_64-w64-mingw32/7.1.0/../../../../x86_64-w64-mingw32/lib/../lib] ==> [D:/msys64/mingw64/x86_64-w64-mingw32/lib]
  collapse library dir [D:/msys64/mingw64/bin/../lib/gcc/x86_64-w64-mingw32/7.1.0/../../../../lib] ==> [D:/msys64/mingw64/lib]
  collapse library dir [D:/msys64/mingw64/bin/../lib/gcc/x86_64-w64-mingw32/7.1.0/../../../../x86_64-w64-mingw32/lib] ==> [D:/msys64/mingw64/x86_64-w64-mingw32/lib]
  collapse library dir [D:/msys64/mingw64/bin/../lib/gcc/x86_64-w64-mingw32/7.1.0/../../..] ==> [D:/msys64/mingw64/lib]
  implicit libs: [mingw32;moldname;mingwex;msvcrt;pthread;advapi32;shell32;user32;kernel32;mingw32;moldname;mingwex;msvcrt]
  implicit dirs: [D:/msys64/mingw64/lib/gcc/x86_64-w64-mingw32/7.1.0;D:/msys64/mingw64/lib/gcc;D:/msys64/mingw64/x86_64-w64-mingw32/lib;D:/msys64/mingw64/lib]
  implicit fwks: []




Detecting C [-std=c11] compiler features compiled with the following output:
Change Dir: /home/echo/Huffman/CMakeFiles/CMakeTmp

Run Build Command:"/usr/bin/make.exe" "cmTC_4cb72/fast"
/usr/bin/make -f CMakeFiles/cmTC_4cb72.dir/build.make CMakeFiles/cmTC_4cb72.dir/build
make[1]: 进入目录“/home/echo/Huffman/CMakeFiles/CMakeTmp”
Building C object CMakeFiles/cmTC_4cb72.dir/feature_tests.c.obj
/mingw64/bin/cc.exe    -std=c11 -o CMakeFiles/cmTC_4cb72.dir/feature_tests.c.obj   -c /home/echo/Huffman/CMakeFiles/feature_tests.c
Linking C executable cmTC_4cb72
/usr/bin/cmake.exe -E cmake_link_script CMakeFiles/cmTC_4cb72.dir/link.txt --verbose=1
/mingw64/bin/cc.exe       CMakeFiles/cmTC_4cb72.dir/feature_tests.c.obj  -o cmTC_4cb72  
make[1]: 离开目录“/home/echo/Huffman/CMakeFiles/CMakeTmp”


    Feature record: C_FEATURE:1c_function_prototypes
    Feature record: C_FEATURE:1c_restrict
    Feature record: C_FEATURE:1c_static_assert
    Feature record: C_FEATURE:1c_variadic_macros


Detecting C [-std=c99] compiler features compiled with the following output:
Change Dir: /home/echo/Huffman/CMakeFiles/CMakeTmp

Run Build Command:"/usr/bin/make.exe" "cmTC_ffc58/fast"
/usr/bin/make -f CMakeFiles/cmTC_ffc58.dir/build.make CMakeFiles/cmTC_ffc58.dir/build
make[1]: 进入目录“/home/echo/Huffman/CMakeFiles/CMakeTmp”
Building C object CMakeFiles/cmTC_ffc58.dir/feature_tests.c.obj
/mingw64/bin/cc.exe    -std=c99 -o CMakeFiles/cmTC_ffc58.dir/feature_tests.c.obj   -c /home/echo/Huffman/CMakeFiles/feature_tests.c
Linking C executable cmTC_ffc58
/usr/bin/cmake.exe -E cmake_link_script CMakeFiles/cmTC_ffc58.dir/link.txt --verbose=1
/mingw64/bin/cc.exe       CMakeFiles/cmTC_ffc58.dir/feature_tests.c.obj  -o cmTC_ffc58  
make[1]: 离开目录“/home/echo/Huffman/CMakeFiles/CMakeTmp”


    Feature record: C_FEATURE:1c_function_prototypes
    Feature record: C_FEATURE:1c_restrict
    Feature record: C_FEATURE:0c_static_assert
    Feature record: C_FEATURE:1c_variadic_macros


Detecting C [-std=c90] compiler features compiled with the following output:
Change Dir: /home/echo/Huffman/CMakeFiles/CMakeTmp

Run Build Command:"/usr/bin/make.exe" "cmTC_a03cd/fast"
/usr/bin/make -f CMakeFiles/cmTC_a03cd.dir/build.make CMakeFiles/cmTC_a03cd.dir/build
make[1]: 进入目录“/home/echo/Huffman/CMakeFiles/CMakeTmp”
Building C object CMakeFiles/cmTC_a03cd.dir/feature_tests.c.obj
/mingw64/bin/cc.exe    -std=c90 -o CMakeFiles/cmTC_a03cd.dir/feature_tests.c.obj   -c /home/echo/Huffman/CMakeFiles/feature_tests.c
Linking C executable cmTC_a03cd
/usr/bin/cmake.exe -E cmake_link_script CMakeFiles/cmTC_a03cd.dir/link.txt --verbose=1
/mingw64/bin/cc.exe       CMakeFiles/cmTC_a03cd.dir/feature_tests.c.obj  -o cmTC_a03cd  
make[1]: 离开目录“/home/echo/Huffman/CMakeFiles/CMakeTmp”


    Feature record: C_FEATURE:1c_function_prototypes
    Feature record: C_FEATURE:0c_restrict
    Feature record: C_FEATURE:0c_static_assert
    Feature record: C_FEATURE:0c_variadic_macros
Determining if the CXX compiler works passed with the following output:
Change Dir: /home/echo/Huffman/CMakeFiles/CMakeTmp

Run Build Command:"/usr/bin/make.exe" "cmTC_30a12/fast"
/usr/bin/make -f CMakeFiles/cmTC_30a12.dir/build.make CMakeFiles/cmTC_30a12.dir/build
make[1]: 进入目录“/home/echo/Huffman/CMakeFiles/CMakeTmp”
Building CXX object CMakeFiles/cmTC_30a12.dir/testCXXCompiler.cxx.obj
/mingw64/bin/CC.exe      -o CMakeFiles/cmTC_30a12.dir/testCXXCompiler.cxx.obj -c /home/echo/Huffman/CMakeFiles/CMakeTmp/testCXXCompiler.cxx
Linking CXX executable cmTC_30a12
/usr/bin/cmake.exe -E cmake_link_script CMakeFiles/cmTC_30a12.dir/link.txt --verbose=1
/mingw64/bin/CC.exe        CMakeFiles/cmTC_30a12.dir/testCXXCompiler.cxx.obj  -o cmTC_30a12  
make[1]: 离开目录“/home/echo/Huffman/CMakeFiles/CMakeTmp”


Detecting CXX compiler ABI info compiled with the following output:
Change Dir: /home/echo/Huffman/CMakeFiles/CMakeTmp

Run Build Command:"/usr/bin/make.exe" "cmTC_105f9/fast"
/usr/bin/make -f CMakeFiles/cmTC_105f9.dir/build.make CMakeFiles/cmTC_105f9.dir/build
make[1]: 进入目录“/home/echo/Huffman/CMakeFiles/CMakeTmp”
Building CXX object CMakeFiles/cmTC_105f9.dir/CMakeCXXCompilerABI.cpp.obj
/mingw64/bin/CC.exe      -o CMakeFiles/cmTC_105f9.dir/CMakeCXXCompilerABI.cpp.obj -c /usr/share/cmake-3.6.2/Modules/CMakeCXXCompilerABI.cpp
Linking CXX executable cmTC_105f9
/usr/bin/cmake.exe -E cmake_link_script CMakeFiles/cmTC_105f9.dir/link.txt --verbose=1
/mingw64/bin/CC.exe       -v CMakeFiles/cmTC_105f9.dir/CMakeCXXCompilerABI.cpp.obj  -o cmTC_105f9   
Using built-in specs.
COLLECT_GCC=D:\msys64\mingw64\bin\CC.exe
COLLECT_LTO_WRAPPER=D:/msys64/mingw64/bin/../lib/gcc/x86_64-w64-mingw32/7.1.0/lto-wrapper.exe
Target: x86_64-w64-mingw32
Configured with: ../gcc-7.1.0/configure --prefix=/mingw64 --with-local-prefix=/mingw64/local --build=x86_64-w64-mingw32 --host=x86_64-w64-mingw32 --target=x86_64-w64-mingw32 --with-native-system-header-dir=/mingw64/x86_64-w64-mingw32/include --libexecdir=/mingw64/lib --enable-bootstrap --with-arch=x86-64 --with-tune=generic --enable-languages=c,lto,c++,objc,obj-c++,fortran,ada --enable-shared --enable-static --enable-libatomic --enable-threads=posix --enable-graphite --enable-fully-dynamic-string --enable-libstdcxx-time=yes --disable-libstdcxx-pch --disable-libstdcxx-debug --disable-isl-version-check --enable-lto --enable-libgomp --disable-multilib --enable-checking=release --disable-rpath --disable-win32-registry --disable-nls --disable-werror --disable-symvers --with-libiconv --with-system-zlib --with-gmp=/mingw64 --with-mpfr=/mingw64 --with-mpc=/mingw64 --with-isl=/mingw64 --with-pkgversion='Rev2, Built by MSYS2 project' --with-bugurl=https://sourceforge.net/projects/msys2 --with-gnu-as --with-gnu-ld
Thread model: posix
gcc version 7.1.0 (Rev2, Built by MSYS2 project) 
COMPILER_PATH=D:/msys64/mingw64/bin/../lib/gcc/x86_64-w64-mingw32/7.1.0/;D:/msys64/mingw64/bin/../lib/gcc/;D:/msys64/mingw64/bin/../lib/gcc/x86_64-w64-mingw32/7.1.0/../../../../x86_64-w64-mingw32/bin/
LIBRARY_PATH=D:/msys64/mingw64/bin/../lib/gcc/x86_64-w64-mingw32/7.1.0/;D:/msys64/mingw64/bin/../lib/gcc/;D:/msys64/mingw64/bin/../lib/gcc/x86_64-w64-mingw32/7.1.0/../../../../x86_64-w64-mingw32/lib/../lib/;D:/msys64/mingw64/bin/../lib/gcc/x86_64-w64-mingw32/7.1.0/../../../../lib/;D:/msys64/mingw64/bin/../lib/gcc/x86_64-w64-mingw32/7.1.0/../../../../x86_64-w64-mingw32/lib/;D:/msys64/mingw64/bin/../lib/gcc/x86_64-w64-mingw32/7.1.0/../../../
COLLECT_GCC_OPTIONS='-v' '-o' 'cmTC_105f9.exe' '-mtune=generic' '-march=x86-64'
 D:/msys64/mingw64/bin/../lib/gcc/x86_64-w64-mingw32/7.1.0/collect2.exe -plugin D:/msys64/mingw64/bin/../lib/gcc/x86_64-w64-mingw32/7.1.0/liblto_plugin-0.dll -plugin-opt=D:/msys64/mingw64/bin/../lib/gcc/x86_64-w64-mingw32/7.1.0/lto-wrapper.exe -plugin-opt=-fresolution=D:\msys64\tmp\ccgMS42j.res -plugin-opt=-pass-through=-lmingw32 -plugin-opt=-pass-through=-lgcc -plugin-opt=-pass-through=-lgcc_eh -plugin-opt=-pass-through=-lmoldname -plugin-opt=-pass-through=-lmingwex -plugin-opt=-pass-through=-lmsvcrt -plugin-opt=-pass-through=-lpthread -plugin-opt=-pass-through=-ladvapi32 -plugin-opt=-pass-through=-lshell32 -plugin-opt=-pass-through=-luser32 -plugin-opt=-pass-through=-lkernel32 -plugin-opt=-pass-through=-lmingw32 -plugin-opt=-pass-through=-lgcc -plugin-opt=-pass-through=-lgcc_eh -plugin-opt=-pass-through=-lmoldname -plugin-opt=-pass-through=-lmingwex -plugin-opt=-pass-through=-lmsvcrt -m i386pep -Bdynamic -o cmTC_105f9.exe D:/msys64/mingw64/bin/../lib/gcc/x86_64-w64-mingw32/7.1.0/../../../../x86_64-w64-mingw32/lib/../lib/crt2.o D:/msys64/mingw64/bin/../lib/gcc/x86_64-w64-mingw32/7.1.0/crtbegin.o -LD:/msys64/mingw64/bin/../lib/gcc/x86_64-w64-mingw32/7.1.0 -LD:/msys64/mingw64/bin/../lib/gcc -LD:/msys64/mingw64/bin/../lib/gcc/x86_64-w64-mingw32/7.1.0/../../../../x86_64-w64-mingw32/lib/../lib -LD:/msys64/mingw64/bin/../lib/gcc/x86_64-w64-mingw32/7.1.0/../../../../lib -LD:/msys64/mingw64/bin/../lib/gcc/x86_64-w64-mingw32/7.1.0/../../../../x86_64-w64-mingw32/lib -LD:/msys64/mingw64/bin/../lib/gcc/x86_64-w64-mingw32/7.1.0/../../.. CMakeFiles/cmTC_105f9.dir/CMakeCXXCompilerABI.cpp.obj -lmingw32 -lgcc -lgcc_eh -lmoldname -lmingwex -lmsvcrt -lpthread -ladvapi32 -lshell32 -luser32 -lkernel32 -lmingw32 -lgcc -lgcc_eh -lmoldname -lmingwex -lmsvcrt D:/msys64/mingw64/bin/../lib/gcc/x86_64-w64-mingw32/7.1.0/../../../../x86_64-w64-mingw32/lib/../lib/default-manifest.o D:/msys64/mingw64/bin/../lib/gcc/x86_64-w64-mingw32/7.1.0/crtend.o
COLLECT_GCC_OPTIONS='-v' '-o' 'cmTC_105f9.exe' '-mtune=generic' '-march=x86-64'
make[1]: 离开目录“/home/echo/Huffman/CMakeFiles/CMakeTmp”


Parsed CXX implicit link information from above output:
  link line regex: [^( *|.*[/\])(ld\.exe|([^/\]+-)?ld|collect2)[^/\]*( |$)]
  ignore line: [Change Dir: /home/echo/Huffman/CMakeFiles/CMakeTmp]
  ignore line: []
  ignore line: [Run Build Command:"/usr/bin/make.exe" "cmTC_105f9/fast"]
  ignore line: [/usr/bin/make -f CMakeFiles/cmTC_105f9.dir/build.make CMakeFiles/cmTC_105f9.dir/build]
  ignore line: [make[1]: 进入目录“/home/echo/Huffman/CMakeFiles/CMakeTmp”]
  ignore line: [Building CXX object CMakeFiles/cmTC_105f9.dir/CMakeCXXCompilerABI.cpp.obj]
  ignore line: [/mingw64/bin/CC.exe      -o CMakeFiles/cmTC_105f9.dir/CMakeCXXCompilerABI.cpp.obj -c /usr/share/cmake-3.6.2/Modules/CMakeCXXCompilerABI.cpp]
  ignore line: [Linking CXX executable cmTC_105f9]
  ignore line: [/usr/bin/cmake.exe -E cmake_link_script CMakeFiles/cmTC_105f9.dir/link.txt --verbose=1]
  ignore line: [/mingw64/bin/CC.exe       -v CMakeFiles/cmTC_105f9.dir/CMakeCXXCompilerABI.cpp.obj  -o cmTC_105f9   ]
  ignore line: [Using built-in specs.]
  ignore line: [COLLECT_GCC=D:\msys64\mingw64\bin\CC.exe]
  ignore line: [COLLECT_LTO_WRAPPER=D:/msys64/mingw64/bin/../lib/gcc/x86_64-w64-mingw32/7.1.0/lto-wrapper.exe]
  ignore line: [Target: x86_64-w64-mingw32]
  ignore line: [Configured with: ../gcc-7.1.0/configure --prefix=/mingw64 --with-local-prefix=/mingw64/local --build=x86_64-w64-mingw32 --host=x86_64-w64-mingw32 --target=x86_64-w64-mingw32 --with-native-system-header-dir=/mingw64/x86_64-w64-mingw32/include --libexecdir=/mingw64/lib --enable-bootstrap --with-arch=x86-64 --with-tune=generic --enable-languages=c,lto,c++,objc,obj-c++,fortran,ada --enable-shared --enable-static --enable-libatomic --enable-threads=posix --enable-graphite --enable-fully-dynamic-string --enable-libstdcxx-time=yes --disable-libstdcxx-pch --disable-libstdcxx-debug --disable-isl-version-check --enable-lto --enable-libgomp --disable-multilib --enable-checking=release --disable-rpath --disable-win32-registry --disable-nls --disable-werror --disable-symvers --with-libiconv --with-system-zlib --with-gmp=/mingw64 --with-mpfr=/mingw64 --with-mpc=/mingw64 --with-isl=/mingw64 --with-pkgversion='Rev2, Built by MSYS2 project' --with-bugurl=https://sourceforge.net/projects/msys2 --with-gnu-as --with-gnu-ld]
  ignore line: [Thread model: posix]
  ignore line: [gcc version 7.1.0 (Rev2, Built by MSYS2 project) ]
  ignore line: [COMPILER_PATH=D:/msys64/mingw64/bin/../lib/gcc/x86_64-w64-mingw32/7.1.0/]
  ignore line: [D:/msys64/mingw64/bin/../lib/gcc/]
  ignore line: [D:/msys64/mingw64/bin/../lib/gcc/x86_64-w64-mingw32/7.1.0/../../../../x86_64-w64-mingw32/bin/]
  ignore line: [LIBRARY_PATH=D:/msys64/mingw64/bin/../lib/gcc/x86_64-w64-mingw32/7.1.0/]
  ignore line: [D:/msys64/mingw64/bin/../lib/gcc/]
  ignore line: [D:/msys64/mingw64/bin/../lib/gcc/x86_64-w64-mingw32/7.1.0/../../../../x86_64-w64-mingw32/lib/../lib/]
  ignore line: [D:/msys64/mingw64/bin/../lib/gcc/x86_64-w64-mingw32/7.1.0/../../../../lib/]
  ignore line: [D:/msys64/mingw64/bin/../lib/gcc/x86_64-w64-mingw32/7.1.0/../../../../x86_64-w64-mingw32/lib/]
  ignore line: [D:/msys64/mingw64/bin/../lib/gcc/x86_64-w64-mingw32/7.1.0/../../../]
  ignore line: [COLLECT_GCC_OPTIONS='-v' '-o' 'cmTC_105f9.exe' '-mtune=generic' '-march=x86-64']
  link line: [ D:/msys64/mingw64/bin/../lib/gcc/x86_64-w64-mingw32/7.1.0/collect2.exe -plugin D:/msys64/mingw64/bin/../lib/gcc/x86_64-w64-mingw32/7.1.0/liblto_plugin-0.dll -plugin-opt=D:/msys64/mingw64/bin/../lib/gcc/x86_64-w64-mingw32/7.1.0/lto-wrapper.exe -plugin-opt=-fresolution=D:\msys64\tmp\ccgMS42j.res -plugin-opt=-pass-through=-lmingw32 -plugin-opt=-pass-through=-lgcc -plugin-opt=-pass-through=-lgcc_eh -plugin-opt=-pass-through=-lmoldname -plugin-opt=-pass-through=-lmingwex -plugin-opt=-pass-through=-lmsvcrt -plugin-opt=-pass-through=-lpthread -plugin-opt=-pass-through=-ladvapi32 -plugin-opt=-pass-through=-lshell32 -plugin-opt=-pass-through=-luser32 -plugin-opt=-pass-through=-lkernel32 -plugin-opt=-pass-through=-lmingw32 -plugin-opt=-pass-through=-lgcc -plugin-opt=-pass-through=-lgcc_eh -plugin-opt=-pass-through=-lmoldname -plugin-opt=-pass-through=-lmingwex -plugin-opt=-pass-through=-lmsvcrt -m i386pep -Bdynamic -o cmTC_105f9.exe D:/msys64/mingw64/bin/../lib/gcc/x86_64-w64-mingw32/7.1.0/../../../../x86_64-w64-mingw32/lib/../lib/crt2.o D:/msys64/mingw64/bin/../lib/gcc/x86_64-w64-mingw32/7.1.0/crtbegin.o -LD:/msys64/mingw64/bin/../lib/gcc/x86_64-w64-mingw32/7.1.0 -LD:/msys64/mingw64/bin/../lib/gcc -LD:/msys64/mingw64/bin/../lib/gcc/x86_64-w64-mingw32/7.1.0/../../../../x86_64-w64-mingw32/lib/../lib -LD:/msys64/mingw64/bin/../lib/gcc/x86_64-w64-mingw32/7.1.0/../../../../lib -LD:/msys64/mingw64/bin/../lib/gcc/x86_64-w64-mingw32/7.1.0/../../../../x86_64-w64-mingw32/lib -LD:/msys64/mingw64/bin/../lib/gcc/x86_64-w64-mingw32/7.1.0/../../.. CMakeFiles/cmTC_105f9.dir/CMakeCXXCompilerABI.cpp.obj -lmingw32 -lgcc -lgcc_eh -lmoldname -lmingwex -lmsvcrt -lpthread -ladvapi32 -lshell32 -luser32 -lkernel32 -lmingw32 -lgcc -lgcc_eh -lmoldname -lmingwex -lmsvcrt D:/msys64/mingw64/bin/../lib/gcc/x86_64-w64-mingw32/7.1.0/../../../../x86_64-w64-mingw32/lib/../lib/default-manifest.o D:/msys64/mingw64/bin/../lib/gcc/x86_64-w64-mingw32/7.1.0/crtend.o]
    arg [D:/msys64/mingw64/bin/../lib/gcc/x86_64-w64-mingw32/7.1.0/collect2.exe] ==> ignore
    arg [-plugin] ==> ignore
    arg [D:/msys64/mingw64/bin/../lib/gcc/x86_64-w64-mingw32/7.1.0/liblto_plugin-0.dll] ==> ignore
    arg [-plugin-opt=D:/msys64/mingw64/bin/../lib/gcc/x86_64-w64-mingw32/7.1.0/lto-wrapper.exe] ==> ignore
    arg [-plugin-opt=-fresolution=D:\msys64\tmp\ccgMS42j.res] ==> ignore
    arg [-plugin-opt=-pass-through=-lmingw32] ==> ignore
    arg [-plugin-opt=-pass-through=-lgcc] ==> ignore
    arg [-plugin-opt=-pass-through=-lgcc_eh] ==> ignore
    arg [-plugin-opt=-pass-through=-lmoldname] ==> ignore
    arg [-plugin-opt=-pass-through=-lmingwex] ==> ignore
    arg [-plugin-opt=-pass-through=-lmsvcrt] ==> ignore
    arg [-plugin-opt=-pass-through=-lpthread] ==> ignore
    arg [-plugin-opt=-pass-through=-ladvapi32] ==> ignore
    arg [-plugin-opt=-pass-through=-lshell32] ==> ignore
    arg [-plugin-opt=-pass-through=-luser32] ==> ignore
    arg [-plugin-opt=-pass-through=-lkernel32] ==> ignore
    arg [-plugin-opt=-pass-through=-lmingw32] ==> ignore
    arg [-plugin-opt=-pass-through=-lgcc] ==> ignore
    arg [-plugin-opt=-pass-through=-lgcc_eh] ==> ignore
    arg [-plugin-opt=-pass-through=-lmoldname] ==> ignore
    arg [-plugin-opt=-pass-through=-lmingwex] ==> ignore
    arg [-plugin-opt=-pass-through=-lmsvcrt] ==> ignore
    arg [-m] ==> ignore
    arg [i386pep] ==> ignore
    arg [-Bdynamic] ==> ignore
    arg [-o] ==> ignore
    arg [cmTC_105f9.exe] ==> ignore
    arg [D:/msys64/mingw64/bin/../lib/gcc/x86_64-w64-mingw32/7.1.0/../../../../x86_64-w64-mingw32/lib/../lib/crt2.o] ==> ignore
    arg [D:/msys64/mingw64/bin/../lib/gcc/x86_64-w64-mingw32/7.1.0/crtbegin.o] ==> ignore
    arg [-LD:/msys64/mingw64/bin/../lib/gcc/x86_64-w64-mingw32/7.1.0] ==> dir [D:/msys64/mingw64/bin/../lib/gcc/x86_64-w64-mingw32/7.1.0]
    arg [-LD:/msys64/mingw64/bin/../lib/gcc] ==> dir [D:/msys64/mingw64/bin/../lib/gcc]
    arg [-LD:/msys64/mingw64/bin/../lib/gcc/x86_64-w64-mingw32/7.1.0/../../../../x86_64-w64-mingw32/lib/../lib] ==> dir [D:/msys64/mingw64/bin/../lib/gcc/x86_64-w64-mingw32/7.1.0/../../../../x86_64-w64-mingw32/lib/../lib]
    arg [-LD:/msys64/mingw64/bin/../lib/gcc/x86_64-w64-mingw32/7.1.0/../../../../lib] ==> dir [D:/msys64/mingw64/bin/../lib/gcc/x86_64-w64-mingw32/7.1.0/../../../../lib]
    arg [-LD:/msys64/mingw64/bin/../lib/gcc/x86_64-w64-mingw32/7.1.0/../../../../x86_64-w64-mingw32/lib] ==> dir [D:/msys64/mingw64/bin/../lib/gcc/x86_64-w64-mingw32/7.1.0/../../../../x86_64-w64-mingw32/lib]
    arg [-LD:/msys64/mingw64/bin/../lib/gcc/x86_64-w64-mingw32/7.1.0/../../..] ==> dir [D:/msys64/mingw64/bin/../lib/gcc/x86_64-w64-mingw32/7.1.0/../../..]
    arg [CMakeFiles/cmTC_105f9.dir/CMakeCXXCompilerABI.cpp.obj] ==> ignore
    arg [-lmingw32] ==> lib [mingw32]
    arg [-lgcc] ==> lib [gcc]
    arg [-lgcc_eh] ==> lib [gcc_eh]
    arg [-lmoldname] ==> lib [moldname]
    arg [-lmingwex] ==> lib [mingwex]
    arg [-lmsvcrt] ==> lib [msvcrt]
    arg [-lpthread] ==> lib [pthread]
    arg [-ladvapi32] ==> lib [advapi32]
    arg [-lshell32] ==> lib [shell32]
    arg [-luser32] ==> lib [user32]
    arg [-lkernel32] ==> lib [kernel32]
    arg [-lmingw32] ==> lib [mingw32]
    arg [-lgcc] ==> lib [gcc]
    arg [-lgcc_eh] ==> lib [gcc_eh]
    arg [-lmoldname] ==> lib [moldname]
    arg [-lmingwex] ==> lib [mingwex]
    arg [-lmsvcrt] ==> lib [msvcrt]
    arg [D:/msys64/mingw64/bin/../lib/gcc/x86_64-w64-mingw32/7.1.0/../../../../x86_64-w64-mingw32/lib/../lib/default-manifest.o] ==> ignore
    arg [D:/msys64/mingw64/bin/../lib/gcc/x86_64-w64-mingw32/7.1.0/crtend.o] ==> ignore
  remove lib [gcc]
  remove lib [gcc_eh]
  remove lib [gcc]
  remove lib [gcc_eh]
  collapse library dir [D:/msys64/mingw64/bin/../lib/gcc/x86_64-w64-mingw32/7.1.0] ==> [D:/msys64/mingw64/lib/gcc/x86_64-w64-mingw32/7.1.0]
  collapse library dir [D:/msys64/mingw64/bin/../lib/gcc] ==> [D:/msys64/mingw64/lib/gcc]
  collapse library dir [D:/msys64/mingw64/bin/../lib/gcc/x86_64-w64-mingw32/7.1.0/../../../../x86_64-w64-mingw32/lib/../lib] ==> [D:/msys64/mingw64/x86_64-w64-mingw32/lib]
  collapse library dir [D:/msys64/mingw64/bin/../lib/gcc/x86_64-w64-mingw32/7.1.0/../../../../lib] ==> [D:/msys64/mingw64/lib]
  collapse library dir [D:/msys64/mingw64/bin/../lib/gcc/x86_64-w64-mingw32/7.1.0/../../../../x86_64-w64-mingw32/lib] ==> [D:/msys64/mingw64/x86_64-w64-mingw32/lib]
  collapse library dir [D:/msys64/mingw64/bin/../lib/gcc/x86_64-w64-mingw32/7.1.0/../../..] ==> [D:/msys64/mingw64/lib]
  implicit libs: [mingw32;moldname;mingwex;msvcrt;pthread;advapi32;shell32;user32;kernel32;mingw32;moldname;mingwex;msvcrt]
  implicit dirs: [D:/msys64/mingw64/lib/gcc/x86_64-w64-mingw32/7.1.0;D:/msys64/mingw64/lib/gcc;D:/msys64/mingw64/x86_64-w64-mingw32/lib;D:/msys64/mingw64/lib]
  implicit fwks: []




Detecting CXX [-std=c++14] compiler features compiled with the following output:
Change Dir: /home/echo/Huffman/CMakeFiles/CMakeTmp

Run Build Command:"/usr/bin/make.exe" "cmTC_b1843/fast"
/usr/bin/make -f CMakeFiles/cmTC_b1843.dir/build.make CMakeFiles/cmTC_b1843.dir/build
make[1]: 进入目录“/home/echo/Huffman/CMakeFiles/CMakeTmp”
Building CXX object CMakeFiles/cmTC_b1843.dir/feature_tests.cxx.obj
/mingw64/bin/CC.exe     -std=c++14 -o CMakeFiles/cmTC_b1843.dir/feature_tests.cxx.obj -c /home/echo/Huffman/CMakeFiles/feature_tests.cxx
Linking CXX executable cmTC_b1843
/usr/bin/cmake.exe -E cmake_link_script CMakeFiles/cmTC_b1843.dir/link.txt --verbose=1
/mingw64/bin/CC.exe        CMakeFiles/cmTC_b1843.dir/feature_tests.cxx.obj  -o cmTC_b1843  
make[1]: 离开目录“/home/echo/Huffman/CMakeFiles/CMakeTmp”


    Feature record: CXX_FEATURE:1cxx_aggregate_default_initializers
    Feature record: CXX_FEATURE:1cxx_alias_templates
    Feature record: CXX_FEATURE:1cxx_alignas
    Feature record: CXX_FEATURE:1cxx_alignof
    Feature record: CXX_FEATURE:1cxx_attributes
    Feature record: CXX_FEATURE:1cxx_attribute_deprecated
    Feature record: CXX_FEATURE:1cxx_auto_type
    Feature record: CXX_FEATURE:1cxx_binary_literals
    Feature record: CXX_FEATURE:1cxx_constexpr
    Feature record: CXX_FEATURE:1cxx_contextual_conversions
    Feature record: CXX_FEATURE:1cxx_decltype
    Feature record: CXX_FEATURE:1cxx_decltype_auto
    Feature record: CXX_FEATURE:1cxx_decltype_incomplete_return_types
    Feature record: CXX_FEATURE:1cxx_default_function_template_args
    Feature record: CXX_FEATURE:1cxx_defaulted_functions
    Feature record: CXX_FEATURE:1cxx_defaulted_move_initializers
    Feature record: CXX_FEATURE:1cxx_delegating_constructors
    Feature record: CXX_FEATURE:1cxx_deleted_functions
    Feature record: CXX_FEATURE:1cxx_digit_separators
    Feature record: CXX_FEATURE:1cxx_enum_forward_declarations
    Feature record: CXX_FEATURE:1cxx_explicit_conversions
    Feature record: CXX_FEATURE:1cxx_extended_friend_declarations
    Feature record: CXX_FEATURE:1cxx_extern_templates
    Feature record: CXX_FEATURE:1cxx_final
    Feature record: CXX_FEATURE:1cxx_func_identifier
    Feature record: CXX_FEATURE:1cxx_generalized_initializers
    Feature record: CXX_FEATURE:1cxx_generic_lambdas
    Feature record: CXX_FEATURE:1cxx_inheriting_constructors
    Feature record: CXX_FEATURE:1cxx_inline_namespaces
    Feature record: CXX_FEATURE:1cxx_lambdas
    Feature record: CXX_FEATURE:1cxx_lambda_init_captures
    Feature record: CXX_FEATURE:1cxx_local_type_template_args
    Feature record: CXX_FEATURE:1cxx_long_long_type
    Feature record: CXX_FEATURE:1cxx_noexcept
    Feature record: CXX_FEATURE:1cxx_nonstatic_member_init
    Feature record: CXX_FEATURE:1cxx_nullptr
    Feature record: CXX_FEATURE:1cxx_override
    Feature record: CXX_FEATURE:1cxx_range_for
    Feature record: CXX_FEATURE:1cxx_raw_string_literals
    Feature record: CXX_FEATURE:1cxx_reference_qualified_functions
    Feature record: CXX_FEATURE:1cxx_relaxed_constexpr
    Feature record: CXX_FEATURE:1cxx_return_type_deduction
    Feature record: CXX_FEATURE:1cxx_right_angle_brackets
    Feature record: CXX_FEATURE:1cxx_rvalue_references
    Feature record: CXX_FEATURE:1cxx_sizeof_member
    Feature record: CXX_FEATURE:1cxx_static_assert
    Feature record: CXX_FEATURE:1cxx_strong_enums
    Feature record: CXX_FEATURE:1cxx_template_template_parameters
    Feature record: CXX_FEATURE:1cxx_thread_local
    Feature record: CXX_FEATURE:1cxx_trailing_return_types
    Feature record: CXX_FEATURE:1cxx_unicode_literals
    Feature record: CXX_FEATURE:1cxx_uniform_initialization
    Feature record: CXX_FEATURE:1cxx_unrestricted_unions
    Feature record: CXX_FEATURE:1cxx_user_literals
    Feature record: CXX_FEATURE:1cxx_variable_templates
    Feature record: CXX_FEATURE:1cxx_variadic_macros
    Feature record: CXX_FEATURE:1cxx_variadic_templates


Detecting CXX [-std=c++11] compiler features compiled with the following output:
Change Dir: /home/echo/Huffman/CMakeFiles/CMakeTmp

Run Build Command:"/usr/bin/make.exe" "cmTC_13421/fast"
/usr/bin/make -f CMakeFiles/cmTC_13421.dir/build.make CMakeFiles/cmTC_13421.dir/build
make[1]: 进入目录“/home/echo/Huffman/CMakeFiles/CMakeTmp”
Building CXX object CMakeFiles/cmTC_13421.dir/feature_tests.cxx.obj
/mingw64/bin/CC.exe     -std=c++11 -o CMakeFiles/cmTC_13421.dir/feature_tests.cxx.obj -c /home/echo/Huffman/CMakeFiles/feature_tests.cxx
Linking CXX executable cmTC_13421
/usr/bin/cmake.exe -E cmake_link_script CMakeFiles/cmTC_13421.dir/link.txt --verbose=1
/mingw64/bin/CC.exe        CMakeFiles/cmTC_13421.dir/feature_tests.cxx.obj  -o cmTC_13421  
make[1]: 离开目录“/home/echo/Huffman/CMakeFiles/CMakeTmp”


    Feature record: CXX_FEATURE:0cxx_aggregate_default_initializers
    Feature record: CXX_FEATURE:1cxx_alias_templates
    Feature record: CXX_FEATURE:1cxx_alignas
    Feature record: CXX_FEATURE:1cxx_alignof
    Feature record: CXX_FEATURE:1cxx_attributes
    Feature record: CXX_FEATURE:0cxx_attribute_deprecated
    Feature record: CXX_FEATURE:1cxx_auto_type
    Feature record: CXX_FEATURE:0cxx_binary_literals
    Feature record: CXX_FEATURE:1cxx_constexpr
    Feature record: CXX_FEATURE:0cxx_contextual_conversions
    Feature record: CXX_FEATURE:1cxx_decltype
    Feature record: CXX_FEATURE:0cxx_decltype_auto
    Feature record: CXX_FEATURE:1cxx_decltype_incomplete_return_types
    Feature record: CXX_FEATURE:1cxx_default_function_template_args
    Feature record: CXX_FEATURE:1cxx_defaulted_functions
    Feature record: CXX_FEATURE:1cxx_defaulted_move_initializers
    Feature record: CXX_FEATURE:1cxx_delegating_constructors
    Feature record: CXX_FEATURE:1cxx_deleted_functions
    Feature record: CXX_FEATURE:0cxx_digit_separators
    Feature record: CXX_FEATURE:1cxx_enum_forward_declarations
    Feature record: CXX_FEATURE:1cxx_explicit_conversions
    Feature record: CXX_FEATURE:1cxx_extended_friend_declarations
    Feature record: CXX_FEATURE:1cxx_extern_templates
    Feature record: CXX_FEATURE:1cxx_final
    Feature record: CXX_FEATURE:1cxx_func_identifier
    Feature record: CXX_FEATURE:1cxx_generalized_initializers
    Feature record: CXX_FEATURE:0cxx_generic_lambdas
    Feature record: CXX_FEATURE:1cxx_inheriting_constructors
    Feature record: CXX_FEATURE:1cxx_inline_namespaces
    Feature record: CXX_FEATURE:1cxx_lambdas
    Feature record: CXX_FEATURE:0cxx_lambda_init_captures
    Feature record: CXX_FEATURE:1cxx_local_type_template_args
    Feature record: CXX_FEATURE:1cxx_long_long_type
    Feature record: CXX_FEATURE:1cxx_noexcept
    Feature record: CXX_FEATURE:1cxx_nonstatic_member_init
    Feature record: CXX_FEATURE:1cxx_nullptr
    Feature record: CXX_FEATURE:1cxx_override
    Feature record: CXX_FEATURE:1cxx_range_for
    Feature record: CXX_FEATURE:1cxx_raw_string_literals
    Feature record: CXX_FEATURE:1cxx_reference_qualified_functions
    Feature record: CXX_FEATURE:0cxx_relaxed_constexpr
    Feature record: CXX_FEATURE:0cxx_return_type_deduction
    Feature record: CXX_FEATURE:1cxx_right_angle_brackets
    Feature record: CXX_FEATURE:1cxx_rvalue_references
    Feature record: CXX_FEATURE:1cxx_sizeof_member
    Feature record: CXX_FEATURE:1cxx_static_assert
    Feature record: CXX_FEATURE:1cxx_strong_enums
    Feature record: CXX_FEATURE:1cxx_template_template_parameters
    Feature record: CXX_FEATURE:1cxx_thread_local
    Feature record: CXX_FEATURE:1cxx_trailing_return_types
    Feature record: CXX_FEATURE:1cxx_unicode_literals
    Feature record: CXX_FEATURE:1cxx_uniform_initialization
    Feature record: CXX_FEATURE:1cxx_unrestricted_unions
    Feature record: CXX_FEATURE:1cxx_user_literals
    Feature record: CXX_FEATURE:0cxx_variable_templates
    Feature record: CXX_FEATURE:1cxx_variadic_macros
    Feature record: CXX_FEATURE:1cxx_variadic_templates


Detecting CXX [-std=c++98] compiler features compiled with the following output:
Change Dir: /home/echo/Huffman/CMakeFiles/CMakeTmp

Run Build Command:"/usr/bin/make.exe" "cmTC_fd00b/fast"
/usr/bin/make -f CMakeFiles/cmTC_fd00b.dir/build.make CMakeFiles/cmTC_fd00b.dir/build
make[1]: 进入目录“/home/echo/Huffman/CMakeFiles/CMakeTmp”
Building CXX object CMakeFiles/cmTC_fd00b.dir/feature_tests.cxx.obj
/mingw64/bin/CC.exe     -std=c++98 -o CMakeFiles/cmTC_fd00b.dir/feature_tests.cxx.obj -c /home/echo/Huffman/CMakeFiles/feature_tests.cxx
Linking CXX executable cmTC_fd00b
/usr/bin/cmake.exe -E cmake_link_script CMakeFiles/cmTC_fd00b.dir/link.txt --verbose=1
/mingw64/bin/CC.exe        CMakeFiles/cmTC_fd00b.dir/feature_tests.cxx.obj  -o cmTC_fd00b  
make[1]: 离开目录“/home/echo/Huffman/CMakeFiles/CMakeTmp”


    Feature record: CXX_FEATURE:0cxx_aggregate_default_initializers
    Feature record: CXX_FEATURE:0cxx_alias_templates
    Feature record: CXX_FEATURE:0cxx_alignas
    Feature record: CXX_FEATURE:0cxx_alignof
    Feature record: CXX_FEATURE:0cxx_attributes
    Feature record: CXX_FEATURE:0cxx_attribute_deprecated
    Feature record: CXX_FEATURE:0cxx_auto_type
    Feature record: CXX_FEATURE:0cxx_binary_literals
    Feature record: CXX_FEATURE:0cxx_constexpr
    Feature record: CXX_FEATURE:0cxx_contextual_conversions
    Feature record: CXX_FEATURE:0cxx_decltype
    Feature record: CXX_FEATURE:0cxx_decltype_auto
    Feature record: CXX_FEATURE:0cxx_decltype_incomplete_return_types
    Feature record: CXX_FEATURE:0cxx_default_function_template_args
    Feature record: CXX_FEATURE:0cxx_defaulted_functions
    Feature record: CXX_FEATURE:0cxx_defaulted_move_initializers
    Feature record: CXX_FEATURE:0cxx_delegating_constructors
    Feature record: CXX_FEATURE:0cxx_deleted_functions
    Feature record: CXX_FEATURE:0cxx_digit_separators
    Feature record: CXX_FEATURE:0cxx_enum_forward_declarations
    Feature record: CXX_FEATURE:0cxx_explicit_conversions
    Feature record: CXX_FEATURE:0cxx_extended_friend_declarations
    Feature record: CXX_FEATURE:0cxx_extern_templates
    Feature record: CXX_FEATURE:0cxx_final
    Feature record: CXX_FEATURE:0cxx_func_identifier
    Feature record: CXX_FEATURE:0cxx_generalized_initializers
    Feature record: CXX_FEATURE:0cxx_generic_lambdas
    Feature record: CXX_FEATURE:0cxx_inheriting_constructors
    Feature record: CXX_FEATURE:0cxx_inline_namespaces
    Feature record: CXX_FEATURE:0cxx_lambdas
    Feature record: CXX_FEATURE:0cxx_lambda_init_captures
    Feature record: CXX_FEATURE:0cxx_local_type_template_args
    Feature record: CXX_FEATURE:0cxx_long_long_type
    Feature record: CXX_FEATURE:0cxx_noexcept
    Feature record: CXX_FEATURE:0cxx_nonstatic_member_init
    Feature record: CXX_FEATURE:0cxx_nullptr
    Feature record: CXX_FEATURE:0cxx_override
    Feature record: CXX_FEATURE:0cxx_range_for
    Feature record: CXX_FEATURE:0cxx_raw_string_literals
    Feature record: CXX_FEATURE:0cxx_reference_qualified_functions
    Feature record: CXX_FEATURE:0cxx_relaxed_constexpr
    Feature record: CXX_FEATURE:0cxx_return_type_deduction
    Feature record: CXX_FEATURE:0cxx_right_angle_brackets
    Feature record: CXX_FEATURE:0cxx_rvalue_references
    Feature record: CXX_FEATURE:0cxx_sizeof_member
    Feature record: CXX_FEATURE:0cxx_static_assert
    Feature record: CXX_FEATURE:0cxx_strong_enums
    Feature record: CXX_FEATURE:1cxx_template_template_parameters
    Feature record: CXX_FEATURE:0cxx_thread_local
    Feature record: CXX_FEATURE:0cxx_trailing_return_types
    Feature record: CXX_FEATURE:0cxx_unicode_literals
    Feature record: CXX_FEATURE:0cxx_uniform_initialization
    Feature record: CXX_FEATURE:0cxx_unrestricted_unions
    Feature record: CXX_FEATURE:0cxx_user_literals
    Feature record: CXX_FEATURE:0cxx_variable_templates
    Feature record: CXX_FEATURE:0cxx_variadic_macros
    Feature record: CXX_FEATURE:0cxx_variadic_templates
